<?xml version="1.0" encoding="UTF-8"?>
<testsuite xmlns:xsi="http://www.w3.org/2001/XMLSchema-instance" xsi:noNamespaceSchemaLocation="https://maven.apache.org/surefire/maven-surefire-plugin/xsd/surefire-test-report.xsd" name="TestGetTriangleSquare" time="0" tests="8" errors="0" skipped="0" failures="0">
  <properties>
[...]
</properties>
  <testcase name="testGetTriangleSquareWithOneFractionalSideAndTwoPositiveSides" classname="TestGetTriangleSquare" time="0"/>
  <testcase name="testGetTriangleSquareWithOneZeroSideAndTwoPositiveSides" classname="TestGetTriangleSquare" time="0"/>
  <testcase name="testGetTriangleSquareWithWrongPositiveSides" classname="TestGetTriangleSquare" time="0"/>
  <testcase name="testGetTriangleSquareWithZeroSides" classname="TestGetTriangleSquare" time="0"/>
  <testcase name="testGetTriangleSquareWithOneNegativeSideAndTwoPositiveSides" classname="TestGetTriangleSquare" time="0"/>
  <testcase name="testGetTriangleSquareWithOneFractionalSides" classname="TestGetTriangleSquare" time="0"/>
  <testcase name="testGetTriangleSquareWithRightPositiveSides" classname="TestGetTriangleSquare" time="0"/>
  <testcase name="testGetTriangleSquareWithNegativeSides" classname="TestGetTriangleSquare" time="0"/>
</testsuite>